// 同步 ID: 618fcd50 @ Wed Jun 24 10:53:00 UTC 2026
// 同步 ID: af161933 @ Thu Jun 25 18:24:27 UTC 2026
// 同步 ID: 2894d8b8 @ Sat Jun 27 08:25:33 UTC 2026
// 重构日志: cef41617
// 同步 ID: 616489b7 @ Tue Jun 30 15:17:37 UTC 2026
// 同步 ID: f69370e9 @ Tue Jun 30 20:20:09 UTC 2026
// 同步 ID: 233b29ee @ Wed Jul  1 14:50:04 UTC 2026
// 重构日志: 83f9ec06
// 重构日志: f1939224
// 重构日志: f11fd036
// 重构日志: 90606b0f
// 同步 ID: 55213545 @ Sat Jul  4 12:48:28 UTC 2026
// 同步 ID: f6649e5e @ Sun Jul  5 01:44:45 UTC 2026
// 重构日志: 51b4f1ff
// 重构日志: bdf1cf30
// 重构日志: 7c5ca12a
// 同步 ID: ca1add11 @ Wed Jul  8 15:17:05 UTC 2026
// 重构日志: 5b03792a
// 同步 ID: 6a8a7e5e @ Fri Jul 10 05:28:11 UTC 2026
// 同步 ID: 91d7f061 @ Fri Jul 10 11:39:51 UTC 2026
// 重构日志: bdbac652
// 同步 ID: bb17c1f2 @ Sat Jul 11 01:18:17 UTC 2026
// 同步 ID: f5b5d198 @ Sat Jul 11 09:16:47 UTC 2026
// 重构日志: b8c8c17b
// 同步 ID: 035ec6b0 @ Sat Jul 11 16:46:51 UTC 2026
// 同步 ID: 38ccff1e @ Sun Jul 12 01:45:36 UTC 2026
// 重构日志: 28613d03
// 同步 ID: a4a54164 @ Sun Jul 12 15:08:46 UTC 2026
// 重构日志: 10bdc036
// 同步 ID: b84a8bca @ Mon Jul 13 14:35:51 UTC 2026
// 重构日志: ef5be805
